<?xml version="1.0" encoding="UTF-8"?>
<!-- Generated by org.testng.reporters.JUnitXMLReporter -->
<testsuite hostname="ULTP-478" ignored="0" name="Default test" tests="5" failures="0" timestamp="19 Dec 2018 08:39:16 GMT" time="335.013" errors="0">
  <testcase name="backtoCorpusToBeAnnotatedTabResume" time="3.157" classname="com.rqanrs.qa.testcases.OpenResumePageTest"/>
  <testcase name="deleteAnnotationsToBeAnnotatedTabResume" time="173.624" classname="com.rqanrs.qa.testcases.OpenResumePageTest"/>
  <testcase name="solrRedirectFromTobeAnnotatedTabofResume" time="5.082" classname="com.rqanrs.qa.testcases.OpenResumePageTest"/>
  <testcase name="goldButtonClickFromToBeAnnotatedTabResume" time="5.092" classname="com.rqanrs.qa.testcases.OpenResumePageTest"/>
  <testcase name="logoutFromToBeAnnotatedTabResume" time="5.089" classname="com.rqanrs.qa.testcases.OpenResumePageTest"/>
</testsuite> <!-- Default test -->
