<?xml version="1.0" encoding="UTF-8"?>
<!-- Generated by org.testng.reporters.JUnitXMLReporter -->
<testsuite hostname="ULTP-478" ignored="0" name="TestSuite" tests="45" failures="1" timestamp="31 Dec 2018 11:07:32 GMT" time="1402.524" errors="0">
  <testcase name="loginPageTitleTest" time="0.084" classname="com.rqanrs.qa.testcases.LoginPageTest"/>
  <testcase name="loginTest" time="1.031" classname="com.rqanrs.qa.testcases.LoginPageTest"/>
  <testcase name="loginTest" time="1.044" classname="com.rqanrs.qa.testcases.LoginPageTest"/>
  <testcase name="automatedJobCreationTest" time="4.516" classname="com.rqanrs.qa.testcases.ManageJobsTest"/>
  <testcase name="manualJobCreationTest" time="4.714" classname="com.rqanrs.qa.testcases.ManageJobsTest"/>
  <testcase name="processJobTest" time="10.66" classname="com.rqanrs.qa.testcases.ManageJobsTest"/>
  <testcase name="refreshManageJobsCorpusTest" time="10.088" classname="com.rqanrs.qa.testcases.ManageJobsTest"/>
  <testcase name="trackJobTest" time="9.098" classname="com.rqanrs.qa.testcases.ManageJobsTest"/>
  <testcase name="downloadTrackerTest" time="3.813" classname="com.rqanrs.qa.testcases.ManageJobsTest"/>
  <testcase name="openingJobTest" time="5.971" classname="com.rqanrs.qa.testcases.ManageJobsTest"/>
  <testcase name="logoutFromManageJobsCorpusTest" time="2.066" classname="com.rqanrs.qa.testcases.ManageJobsTest"/>
  <testcase name="solrRedirectFromManageJobsCorpusTest" time="12.983" classname="com.rqanrs.qa.testcases.ManageJobsTest"/>
  <testcase name="goldClickFromManageJobsCorpusTest" time="2.078" classname="com.rqanrs.qa.testcases.ManageJobsTest"/>
  <testcase name="backToCorpusFromAnnotatedTabJDTest" time="0.115" classname="com.rqanrs.qa.testcases.OpenJobPageTest"/>
  <testcase name="logoutFromAnnotatedTabJDTest" time="2.075" classname="com.rqanrs.qa.testcases.OpenJobPageTest"/>
  <testcase name="MoveToPipelineFromAnnotatedTabJDTest" time="2.068" classname="com.rqanrs.qa.testcases.OpenJobPageTest"/>
  <testcase name="savingJDTest" time="5.091" classname="com.rqanrs.qa.testcases.OpenJobToBeAnnotatedPageTest"/>
  <testcase name="finishEditingJDTest" time="5.177" classname="com.rqanrs.qa.testcases.OpenJobToBeAnnotatedPageTest"/>
  <testcase name="standardizingJDTest" time="20.169" classname="com.rqanrs.qa.testcases.OpenJobToBeAnnotatedPageTest"/>
  <testcase name="updateJDFormTest" time="68.328" classname="com.rqanrs.qa.testcases.OpenJobToBeAnnotatedPageTest"/>
  <testcase name="backToCorpusFromToBeAnnotatedTabJDTest" time="0.145" classname="com.rqanrs.qa.testcases.OpenJobToBeAnnotatedPageTest"/>
  <testcase name="moveToPipelineFromToBeAnnotatedTabJDTest" time="0.073" classname="com.rqanrs.qa.testcases.OpenJobToBeAnnotatedPageTest"/>
  <testcase name="logoutFromToBeAnnotatedTabJDTest" time="0.088" classname="com.rqanrs.qa.testcases.OpenJobToBeAnnotatedPageTest"/>
  <testcase name="folderUploadTest" time="86.121" classname="com.rqanrs.qa.testcases.ManageResumesPageTest"/>
  <testcase name="singleUploadTest" time="36.149" classname="com.rqanrs.qa.testcases.ManageResumesPageTest"/>
  <testcase name="refreshManageResumesCorpusTest" time="6.067" classname="com.rqanrs.qa.testcases.ManageResumesPageTest"/>
  <testcase name="quickTrackerDownloadTest" time="6.069" classname="com.rqanrs.qa.testcases.ManageResumesPageTest"/>
  <testcase name="suitabilityTrackerDownloadTest" time="6.07" classname="com.rqanrs.qa.testcases.ManageResumesPageTest"/>
  <testcase name="addToTrackerTest" time="6.079" classname="com.rqanrs.qa.testcases.ManageResumesPageTest"/>
  <testcase name="deleteResumeTest" time="6.07" classname="com.rqanrs.qa.testcases.ManageResumesPageTest"/>
  <testcase name="moveToGoldTest" time="6.074" classname="com.rqanrs.qa.testcases.ManageResumesPageTest"/>
  <testcase name="opeingResumeTest" time="6.076" classname="com.rqanrs.qa.testcases.ManageResumesPageTest"/>
  <testcase name="backtoCorpusToBeAnnotatedTabResume" time="3.153" classname="com.rqanrs.qa.testcases.OpenResumePageTest"/>
  <testcase name="deleteAnnotationsToBeAnnotatedTabResume" time="113.23" classname="com.rqanrs.qa.testcases.OpenResumePageTest">
    <failure type="org.openqa.selenium.NoSuchElementException" message="no such element: Unable to locate element: {&amp;quot;method&amp;quot;:&amp;quot;xpath&amp;quot;,&amp;quot;selector&amp;quot;:&amp;quot;//*[@id=&amp;apos;projectAnnotation&amp;apos;]/li/a/span&amp;quot;}
  (Session info: chrome=63.0.3239.132)
  (Driver info: chromedriver=2.35.528139 (47ead77cb35ad2a9a83248b292151462a66cd881),platform=Linux 4.4.0-93-generic x86_64) (WARNING: The server did not provide any stacktrace information)
Command duration or timeout: 0 milliseconds
For documentation on this error, please visit: https://www.seleniumhq.org/exceptions/no_such_element.html
Build info: version: &amp;apos;3.141.59&amp;apos;, revision: &amp;apos;e82be7d358&amp;apos;, time: &amp;apos;2018-11-14T08:17:03&amp;apos;
System info: host: &amp;apos;ULTP-478&amp;apos;, ip: &amp;apos;127.0.0.1&amp;apos;, os.name: &amp;apos;Linux&amp;apos;, os.arch: &amp;apos;amd64&amp;apos;, os.version: &amp;apos;4.4.0-93-generic&amp;apos;, java.version: &amp;apos;1.8.0_171&amp;apos;
Driver info: org.openqa.selenium.chrome.ChromeDriver
Capabilities {acceptInsecureCerts: false, acceptSslCerts: false, applicationCacheEnabled: false, browserConnectionEnabled: false, browserName: chrome, chrome: {chromedriverVersion: 2.35.528139 (47ead77cb35ad2..., userDataDir: /tmp/.org.chromium.Chromium...}, cssSelectorsEnabled: true, databaseEnabled: false, handlesAlerts: true, hasTouchScreen: false, javascriptEnabled: true, locationContextEnabled: true, mobileEmulationEnabled: false, nativeEvents: true, networkConnectionEnabled: false, pageLoadStrategy: normal, platform: LINUX, platformName: LINUX, rotatable: false, setWindowRect: true, takesHeapSnapshot: true, takesScreenshot: true, unexpectedAlertBehaviour: , unhandledPromptBehavior: , version: 63.0.3239.132, webStorageEnabled: true}
Session ID: b3539c8168e51777c26334c6bf3e9e34
*** Element info: {Using=xpath, value=//*[@id=&amp;apos;projectAnnotation&amp;apos;]/li/a/span}">
      <![CDATA[org.openqa.selenium.NoSuchElementException: no such element: Unable to locate element: {"method":"xpath","selector":"//*[@id='projectAnnotation']/li/a/span"}
  (Session info: chrome=63.0.3239.132)
  (Driver info: chromedriver=2.35.528139 (47ead77cb35ad2a9a83248b292151462a66cd881),platform=Linux 4.4.0-93-generic x86_64) (WARNING: The server did not provide any stacktrace information)
Command duration or timeout: 0 milliseconds
For documentation on this error, please visit: https://www.seleniumhq.org/exceptions/no_such_element.html
Build info: version: '3.141.59', revision: 'e82be7d358', time: '2018-11-14T08:17:03'
System info: host: 'ULTP-478', ip: '127.0.0.1', os.name: 'Linux', os.arch: 'amd64', os.version: '4.4.0-93-generic', java.version: '1.8.0_171'
Driver info: org.openqa.selenium.chrome.ChromeDriver
Capabilities {acceptInsecureCerts: false, acceptSslCerts: false, applicationCacheEnabled: false, browserConnectionEnabled: false, browserName: chrome, chrome: {chromedriverVersion: 2.35.528139 (47ead77cb35ad2..., userDataDir: /tmp/.org.chromium.Chromium...}, cssSelectorsEnabled: true, databaseEnabled: false, handlesAlerts: true, hasTouchScreen: false, javascriptEnabled: true, locationContextEnabled: true, mobileEmulationEnabled: false, nativeEvents: true, networkConnectionEnabled: false, pageLoadStrategy: normal, platform: LINUX, platformName: LINUX, rotatable: false, setWindowRect: true, takesHeapSnapshot: true, takesScreenshot: true, unexpectedAlertBehaviour: , unhandledPromptBehavior: , version: 63.0.3239.132, webStorageEnabled: true}
Session ID: b3539c8168e51777c26334c6bf3e9e34
*** Element info: {Using=xpath, value=//*[@id='projectAnnotation']/li/a/span}
at org.openqa.selenium.remote.ErrorHandler.createThrowable(ErrorHandler.java:214)
at org.openqa.selenium.remote.ErrorHandler.throwIfResponseFailed(ErrorHandler.java:166)
at org.openqa.selenium.remote.http.JsonHttpResponseCodec.reconstructValue(JsonHttpResponseCodec.java:40)
at org.openqa.selenium.remote.http.AbstractHttpResponseCodec.decode(AbstractHttpResponseCodec.java:80)
at org.openqa.selenium.remote.http.AbstractHttpResponseCodec.decode(AbstractHttpResponseCodec.java:44)
at org.openqa.selenium.remote.HttpCommandExecutor.execute(HttpCommandExecutor.java:158)
at org.openqa.selenium.remote.service.DriverCommandExecutor.execute(DriverCommandExecutor.java:83)
at org.openqa.selenium.remote.RemoteWebDriver.execute(RemoteWebDriver.java:552)
at org.openqa.selenium.remote.RemoteWebDriver.findElement(RemoteWebDriver.java:323)
at org.openqa.selenium.remote.RemoteWebDriver.findElementByXPath(RemoteWebDriver.java:428)
at org.openqa.selenium.By$ByXPath.findElement(By.java:353)
at org.openqa.selenium.remote.RemoteWebDriver.findElement(RemoteWebDriver.java:315)
at org.openqa.selenium.support.events.EventFiringWebDriver.lambda$new$1(EventFiringWebDriver.java:105)
at com.sun.proxy.$Proxy8.findElement(Unknown Source)
at org.openqa.selenium.support.events.EventFiringWebDriver.findElement(EventFiringWebDriver.java:194)
at com.rqanrs.qa.pages.OpenResumePage.verifyDeletingAnnotations(OpenResumePage.java:168)
at com.rqanrs.qa.testcases.OpenResumePageTest.deleteAnnotationsToBeAnnotatedTabResume(OpenResumePageTest.java:62)
... Removed 32 stack frames]]>
    </failure>
  </testcase> <!-- deleteAnnotationsToBeAnnotatedTabResume -->
  <testcase name="solrRedirectFromTobeAnnotatedTabofResume" time="5.088" classname="com.rqanrs.qa.testcases.OpenResumePageTest"/>
  <testcase name="goldButtonClickFromToBeAnnotatedTabResume" time="5.082" classname="com.rqanrs.qa.testcases.OpenResumePageTest"/>
  <testcase name="logoutFromToBeAnnotatedTabResume" time="5.09" classname="com.rqanrs.qa.testcases.OpenResumePageTest"/>
  <testcase name="fillupCandidateInformationTest" time="9.274" classname="com.rqanrs.qa.testcases.OpenResumeModelHtmlPageTest"/>
  <testcase name="fillupMissingInformationTest" time="5.196" classname="com.rqanrs.qa.testcases.OpenResumeModelHtmlPageTest"/>
  <testcase name="backtoCorpusFromModelHtmlTabTest" time="0.214" classname="com.rqanrs.qa.testcases.OpenResumeModelHtmlPageTest"/>
  <testcase name="exportDocumenttoSolrTest" time="7.183" classname="com.rqanrs.qa.testcases.OpenResumeModelHtmlPageTest"/>
  <testcase name="logoutFromModelHtmlTabTest" time="5.075" classname="com.rqanrs.qa.testcases.OpenResumeModelHtmlPageTest"/>
  <testcase name="redirecttosolrFromModelHtmlTabTest" time="5.067" classname="com.rqanrs.qa.testcases.OpenResumeModelHtmlPageTest"/>
  <testcase name="goldClickFromModelHtmlTabTest" time="5.087" classname="com.rqanrs.qa.testcases.OpenResumeModelHtmlPageTest"/>
  <testcase name="deleteTestDataTest" time="12.977" classname="com.rqanrs.qa.testcases.DeletingCreatedTestDataTest"/>
</testsuite> <!-- TestSuite -->
