<?xml version="1.0" encoding="UTF-8"?>
<!-- Generated by org.testng.reporters.JUnitXMLReporter -->
<testsuite hostname="ULTP-478" ignored="0" name="Test" tests="6" failures="0" timestamp="22 Nov 2018 12:37:40 GMT" time="80.204" errors="0">
  <testcase name="automatedjobTest" time="3.641" classname="com.rqanrs.qa.testcases.ManageJobsTest"/>
  <testcase name="manualJobTest" time="5.119" classname="com.rqanrs.qa.testcases.ManageJobsTest"/>
  <testcase name="processJobTest" time="10.964" classname="com.rqanrs.qa.testcases.ManageJobsTest"/>
  <testcase name="refreshManageJobsCorpus" time="10.106" classname="com.rqanrs.qa.testcases.ManageJobsTest"/>
  <testcase name="loginPageTitleTest" time="0.014" classname="com.rqanrs.qa.testcases.LoginPageTest"/>
  <testcase name="loginTest" time="0.957" classname="com.rqanrs.qa.testcases.LoginPageTest"/>
</testsuite> <!-- Test -->
