<?xml version="1.0" encoding="UTF-8"?>
<testng-results skipped="0" failed="1" ignored="0" total="45" passed="44">
  <reporter-output>
  </reporter-output>
  <suite name="Rezoomex Quick Assessment and Ranking System Automation" duration-ms="1402524" started-at="2018-12-31T10:44:10Z" finished-at="2018-12-31T11:07:32Z">
    <groups>
    </groups>
    <test name="TestSuite" duration-ms="1402524" started-at="2018-12-31T10:44:10Z" finished-at="2018-12-31T11:07:32Z">
      <class name="com.rqanrs.qa.testcases.OpenJobToBeAnnotatedPageTest">
        <test-method status="PASS" signature="setup()[pri:0, instance:com.rqanrs.qa.testcases.OpenJobToBeAnnotatedPageTest@5bcab519]" name="setup" is-config="true" duration-ms="15003" started-at="2018-12-31T10:47:52Z" finished-at="2018-12-31T10:48:07Z">
          <reporter-output>
          </reporter-output>
        </test-method> <!-- setup -->
        <test-method status="PASS" signature="savingJDTest()[pri:18, instance:com.rqanrs.qa.testcases.OpenJobToBeAnnotatedPageTest@5bcab519]" name="savingJDTest" duration-ms="5091" started-at="2018-12-31T10:48:07Z" finished-at="2018-12-31T10:48:12Z">
          <reporter-output>
          </reporter-output>
        </test-method> <!-- savingJDTest -->
        <test-method status="PASS" signature="tearDown()[pri:0, instance:com.rqanrs.qa.testcases.OpenJobToBeAnnotatedPageTest@5bcab519]" name="tearDown" is-config="true" duration-ms="68" started-at="2018-12-31T10:48:12Z" finished-at="2018-12-31T10:48:12Z">
          <reporter-output>
          </reporter-output>
        </test-method> <!-- tearDown -->
        <test-method status="PASS" signature="setup()[pri:0, instance:com.rqanrs.qa.testcases.OpenJobToBeAnnotatedPageTest@5bcab519]" name="setup" is-config="true" duration-ms="14577" started-at="2018-12-31T10:48:12Z" finished-at="2018-12-31T10:48:27Z">
          <reporter-output>
          </reporter-output>
        </test-method> <!-- setup -->
        <test-method status="PASS" signature="finishEditingJDTest()[pri:19, instance:com.rqanrs.qa.testcases.OpenJobToBeAnnotatedPageTest@5bcab519]" name="finishEditingJDTest" duration-ms="5177" started-at="2018-12-31T10:48:27Z" finished-at="2018-12-31T10:48:32Z">
          <reporter-output>
          </reporter-output>
        </test-method> <!-- finishEditingJDTest -->
        <test-method status="PASS" signature="tearDown()[pri:0, instance:com.rqanrs.qa.testcases.OpenJobToBeAnnotatedPageTest@5bcab519]" name="tearDown" is-config="true" duration-ms="78" started-at="2018-12-31T10:48:32Z" finished-at="2018-12-31T10:48:32Z">
          <reporter-output>
          </reporter-output>
        </test-method> <!-- tearDown -->
        <test-method status="PASS" signature="setup()[pri:0, instance:com.rqanrs.qa.testcases.OpenJobToBeAnnotatedPageTest@5bcab519]" name="setup" is-config="true" duration-ms="13728" started-at="2018-12-31T10:48:32Z" finished-at="2018-12-31T10:48:46Z">
          <reporter-output>
          </reporter-output>
        </test-method> <!-- setup -->
        <test-method status="PASS" signature="standardizingJDTest()[pri:20, instance:com.rqanrs.qa.testcases.OpenJobToBeAnnotatedPageTest@5bcab519]" name="standardizingJDTest" duration-ms="20169" started-at="2018-12-31T10:48:46Z" finished-at="2018-12-31T10:49:06Z">
          <reporter-output>
          </reporter-output>
        </test-method> <!-- standardizingJDTest -->
        <test-method status="PASS" signature="tearDown()[pri:0, instance:com.rqanrs.qa.testcases.OpenJobToBeAnnotatedPageTest@5bcab519]" name="tearDown" is-config="true" duration-ms="73" started-at="2018-12-31T10:49:06Z" finished-at="2018-12-31T10:49:06Z">
          <reporter-output>
          </reporter-output>
        </test-method> <!-- tearDown -->
        <test-method status="PASS" signature="setup()[pri:0, instance:com.rqanrs.qa.testcases.OpenJobToBeAnnotatedPageTest@5bcab519]" name="setup" is-config="true" duration-ms="14087" started-at="2018-12-31T10:49:06Z" finished-at="2018-12-31T10:49:20Z">
          <reporter-output>
          </reporter-output>
        </test-method> <!-- setup -->
        <test-method status="PASS" signature="updateJDFormTest()[pri:21, instance:com.rqanrs.qa.testcases.OpenJobToBeAnnotatedPageTest@5bcab519]" name="updateJDFormTest" duration-ms="68328" started-at="2018-12-31T10:49:20Z" finished-at="2018-12-31T10:50:29Z">
          <reporter-output>
          </reporter-output>
        </test-method> <!-- updateJDFormTest -->
        <test-method status="PASS" signature="tearDown()[pri:0, instance:com.rqanrs.qa.testcases.OpenJobToBeAnnotatedPageTest@5bcab519]" name="tearDown" is-config="true" duration-ms="73" started-at="2018-12-31T10:50:29Z" finished-at="2018-12-31T10:50:29Z">
          <reporter-output>
          </reporter-output>
        </test-method> <!-- tearDown -->
        <test-method status="PASS" signature="setup()[pri:0, instance:com.rqanrs.qa.testcases.OpenJobToBeAnnotatedPageTest@5bcab519]" name="setup" is-config="true" duration-ms="14309" started-at="2018-12-31T10:50:29Z" finished-at="2018-12-31T10:50:43Z">
          <reporter-output>
          </reporter-output>
        </test-method> <!-- setup -->
        <test-method status="PASS" signature="backToCorpusFromToBeAnnotatedTabJDTest()[pri:22, instance:com.rqanrs.qa.testcases.OpenJobToBeAnnotatedPageTest@5bcab519]" name="backToCorpusFromToBeAnnotatedTabJDTest" duration-ms="145" started-at="2018-12-31T10:50:43Z" finished-at="2018-12-31T10:50:43Z">
          <reporter-output>
          </reporter-output>
        </test-method> <!-- backToCorpusFromToBeAnnotatedTabJDTest -->
        <test-method status="PASS" signature="tearDown()[pri:0, instance:com.rqanrs.qa.testcases.OpenJobToBeAnnotatedPageTest@5bcab519]" name="tearDown" is-config="true" duration-ms="75" started-at="2018-12-31T10:50:43Z" finished-at="2018-12-31T10:50:43Z">
          <reporter-output>
          </reporter-output>
        </test-method> <!-- tearDown -->
        <test-method status="PASS" signature="setup()[pri:0, instance:com.rqanrs.qa.testcases.OpenJobToBeAnnotatedPageTest@5bcab519]" name="setup" is-config="true" duration-ms="14448" started-at="2018-12-31T10:50:43Z" finished-at="2018-12-31T10:50:58Z">
          <reporter-output>
          </reporter-output>
        </test-method> <!-- setup -->
        <test-method status="PASS" signature="moveToPipelineFromToBeAnnotatedTabJDTest()[pri:23, instance:com.rqanrs.qa.testcases.OpenJobToBeAnnotatedPageTest@5bcab519]" name="moveToPipelineFromToBeAnnotatedTabJDTest" duration-ms="73" started-at="2018-12-31T10:50:58Z" finished-at="2018-12-31T10:50:58Z">
          <reporter-output>
          </reporter-output>
        </test-method> <!-- moveToPipelineFromToBeAnnotatedTabJDTest -->
        <test-method status="PASS" signature="tearDown()[pri:0, instance:com.rqanrs.qa.testcases.OpenJobToBeAnnotatedPageTest@5bcab519]" name="tearDown" is-config="true" duration-ms="76" started-at="2018-12-31T10:50:58Z" finished-at="2018-12-31T10:50:58Z">
          <reporter-output>
          </reporter-output>
        </test-method> <!-- tearDown -->
        <test-method status="PASS" signature="setup()[pri:0, instance:com.rqanrs.qa.testcases.OpenJobToBeAnnotatedPageTest@5bcab519]" name="setup" is-config="true" duration-ms="16284" started-at="2018-12-31T10:50:58Z" finished-at="2018-12-31T10:51:14Z">
          <reporter-output>
          </reporter-output>
        </test-method> <!-- setup -->
        <test-method status="PASS" signature="logoutFromToBeAnnotatedTabJDTest()[pri:24, instance:com.rqanrs.qa.testcases.OpenJobToBeAnnotatedPageTest@5bcab519]" name="logoutFromToBeAnnotatedTabJDTest" duration-ms="88" started-at="2018-12-31T10:51:14Z" finished-at="2018-12-31T10:51:14Z">
          <reporter-output>
          </reporter-output>
        </test-method> <!-- logoutFromToBeAnnotatedTabJDTest -->
        <test-method status="PASS" signature="tearDown()[pri:0, instance:com.rqanrs.qa.testcases.OpenJobToBeAnnotatedPageTest@5bcab519]" name="tearDown" is-config="true" duration-ms="78" started-at="2018-12-31T10:51:14Z" finished-at="2018-12-31T10:51:14Z">
          <reporter-output>
          </reporter-output>
        </test-method> <!-- tearDown -->
      </class> <!-- com.rqanrs.qa.testcases.OpenJobToBeAnnotatedPageTest -->
      <class name="com.rqanrs.qa.testcases.OpenJobPageTest">
        <test-method status="PASS" signature="setup()[pri:0, instance:com.rqanrs.qa.testcases.OpenJobPageTest@6fd02e5]" name="setup" is-config="true" duration-ms="13873" started-at="2018-12-31T10:47:06Z" finished-at="2018-12-31T10:47:19Z">
          <reporter-output>
          </reporter-output>
        </test-method> <!-- setup -->
        <test-method status="PASS" signature="backToCorpusFromAnnotatedTabJDTest()[pri:15, instance:com.rqanrs.qa.testcases.OpenJobPageTest@6fd02e5]" name="backToCorpusFromAnnotatedTabJDTest" duration-ms="115" started-at="2018-12-31T10:47:19Z" finished-at="2018-12-31T10:47:20Z">
          <reporter-output>
          </reporter-output>
        </test-method> <!-- backToCorpusFromAnnotatedTabJDTest -->
        <test-method status="PASS" signature="tearDown()[pri:0, instance:com.rqanrs.qa.testcases.OpenJobPageTest@6fd02e5]" name="tearDown" is-config="true" duration-ms="95" started-at="2018-12-31T10:47:20Z" finished-at="2018-12-31T10:47:20Z">
          <reporter-output>
          </reporter-output>
        </test-method> <!-- tearDown -->
        <test-method status="PASS" signature="setup()[pri:0, instance:com.rqanrs.qa.testcases.OpenJobPageTest@6fd02e5]" name="setup" is-config="true" duration-ms="14584" started-at="2018-12-31T10:47:20Z" finished-at="2018-12-31T10:47:34Z">
          <reporter-output>
          </reporter-output>
        </test-method> <!-- setup -->
        <test-method status="PASS" signature="logoutFromAnnotatedTabJDTest()[pri:16, instance:com.rqanrs.qa.testcases.OpenJobPageTest@6fd02e5]" name="logoutFromAnnotatedTabJDTest" duration-ms="2075" started-at="2018-12-31T10:47:34Z" finished-at="2018-12-31T10:47:36Z">
          <reporter-output>
          </reporter-output>
        </test-method> <!-- logoutFromAnnotatedTabJDTest -->
        <test-method status="PASS" signature="tearDown()[pri:0, instance:com.rqanrs.qa.testcases.OpenJobPageTest@6fd02e5]" name="tearDown" is-config="true" duration-ms="74" started-at="2018-12-31T10:47:36Z" finished-at="2018-12-31T10:47:36Z">
          <reporter-output>
          </reporter-output>
        </test-method> <!-- tearDown -->
        <test-method status="PASS" signature="setup()[pri:0, instance:com.rqanrs.qa.testcases.OpenJobPageTest@6fd02e5]" name="setup" is-config="true" duration-ms="13687" started-at="2018-12-31T10:47:36Z" finished-at="2018-12-31T10:47:50Z">
          <reporter-output>
          </reporter-output>
        </test-method> <!-- setup -->
        <test-method status="PASS" signature="MoveToPipelineFromAnnotatedTabJDTest()[pri:17, instance:com.rqanrs.qa.testcases.OpenJobPageTest@6fd02e5]" name="MoveToPipelineFromAnnotatedTabJDTest" duration-ms="2068" started-at="2018-12-31T10:47:50Z" finished-at="2018-12-31T10:47:52Z">
          <reporter-output>
          </reporter-output>
        </test-method> <!-- MoveToPipelineFromAnnotatedTabJDTest -->
        <test-method status="PASS" signature="tearDown()[pri:0, instance:com.rqanrs.qa.testcases.OpenJobPageTest@6fd02e5]" name="tearDown" is-config="true" duration-ms="77" started-at="2018-12-31T10:47:52Z" finished-at="2018-12-31T10:47:52Z">
          <reporter-output>
          </reporter-output>
        </test-method> <!-- tearDown -->
      </class> <!-- com.rqanrs.qa.testcases.OpenJobPageTest -->
      <class name="com.rqanrs.qa.testcases.OpenResumeModelHtmlPageTest">
        <test-method status="PASS" signature="setup()[pri:0, instance:com.rqanrs.qa.testcases.OpenResumeModelHtmlPageTest@31a5c39e]" name="setup" is-config="true" duration-ms="35527" started-at="2018-12-31T11:02:22Z" finished-at="2018-12-31T11:02:58Z">
          <reporter-output>
          </reporter-output>
        </test-method> <!-- setup -->
        <test-method status="PASS" signature="fillupCandidateInformationTest()[pri:39, instance:com.rqanrs.qa.testcases.OpenResumeModelHtmlPageTest@31a5c39e]" name="fillupCandidateInformationTest" duration-ms="9274" started-at="2018-12-31T11:02:58Z" finished-at="2018-12-31T11:03:07Z">
          <reporter-output>
          </reporter-output>
        </test-method> <!-- fillupCandidateInformationTest -->
        <test-method status="PASS" signature="setup()[pri:0, instance:com.rqanrs.qa.testcases.OpenResumeModelHtmlPageTest@31a5c39e]" name="setup" is-config="true" duration-ms="34894" started-at="2018-12-31T11:03:07Z" finished-at="2018-12-31T11:03:42Z">
          <reporter-output>
          </reporter-output>
        </test-method> <!-- setup -->
        <test-method status="PASS" signature="fillupMissingInformationTest()[pri:40, instance:com.rqanrs.qa.testcases.OpenResumeModelHtmlPageTest@31a5c39e]" name="fillupMissingInformationTest" duration-ms="5196" started-at="2018-12-31T11:03:42Z" finished-at="2018-12-31T11:03:47Z">
          <reporter-output>
          </reporter-output>
        </test-method> <!-- fillupMissingInformationTest -->
        <test-method status="PASS" signature="setup()[pri:0, instance:com.rqanrs.qa.testcases.OpenResumeModelHtmlPageTest@31a5c39e]" name="setup" is-config="true" duration-ms="35769" started-at="2018-12-31T11:03:47Z" finished-at="2018-12-31T11:04:23Z">
          <reporter-output>
          </reporter-output>
        </test-method> <!-- setup -->
        <test-method status="PASS" signature="backtoCorpusFromModelHtmlTabTest()[pri:41, instance:com.rqanrs.qa.testcases.OpenResumeModelHtmlPageTest@31a5c39e]" name="backtoCorpusFromModelHtmlTabTest" duration-ms="214" started-at="2018-12-31T11:04:23Z" finished-at="2018-12-31T11:04:23Z">
          <reporter-output>
          </reporter-output>
        </test-method> <!-- backtoCorpusFromModelHtmlTabTest -->
        <test-method status="PASS" signature="setup()[pri:0, instance:com.rqanrs.qa.testcases.OpenResumeModelHtmlPageTest@31a5c39e]" name="setup" is-config="true" duration-ms="36038" started-at="2018-12-31T11:04:23Z" finished-at="2018-12-31T11:04:59Z">
          <reporter-output>
          </reporter-output>
        </test-method> <!-- setup -->
        <test-method status="PASS" signature="exportDocumenttoSolrTest()[pri:42, instance:com.rqanrs.qa.testcases.OpenResumeModelHtmlPageTest@31a5c39e]" name="exportDocumenttoSolrTest" duration-ms="7183" started-at="2018-12-31T11:04:59Z" finished-at="2018-12-31T11:05:06Z">
          <reporter-output>
          </reporter-output>
        </test-method> <!-- exportDocumenttoSolrTest -->
        <test-method status="PASS" signature="setup()[pri:0, instance:com.rqanrs.qa.testcases.OpenResumeModelHtmlPageTest@31a5c39e]" name="setup" is-config="true" duration-ms="35484" started-at="2018-12-31T11:05:06Z" finished-at="2018-12-31T11:05:42Z">
          <reporter-output>
          </reporter-output>
        </test-method> <!-- setup -->
        <test-method status="PASS" signature="logoutFromModelHtmlTabTest()[pri:43, instance:com.rqanrs.qa.testcases.OpenResumeModelHtmlPageTest@31a5c39e]" name="logoutFromModelHtmlTabTest" duration-ms="5075" started-at="2018-12-31T11:05:42Z" finished-at="2018-12-31T11:05:47Z">
          <reporter-output>
          </reporter-output>
        </test-method> <!-- logoutFromModelHtmlTabTest -->
        <test-method status="PASS" signature="setup()[pri:0, instance:com.rqanrs.qa.testcases.OpenResumeModelHtmlPageTest@31a5c39e]" name="setup" is-config="true" duration-ms="35805" started-at="2018-12-31T11:05:47Z" finished-at="2018-12-31T11:06:23Z">
          <reporter-output>
          </reporter-output>
        </test-method> <!-- setup -->
        <test-method status="PASS" signature="redirecttosolrFromModelHtmlTabTest()[pri:44, instance:com.rqanrs.qa.testcases.OpenResumeModelHtmlPageTest@31a5c39e]" name="redirecttosolrFromModelHtmlTabTest" duration-ms="5067" started-at="2018-12-31T11:06:23Z" finished-at="2018-12-31T11:06:28Z">
          <reporter-output>
          </reporter-output>
        </test-method> <!-- redirecttosolrFromModelHtmlTabTest -->
        <test-method status="PASS" signature="setup()[pri:0, instance:com.rqanrs.qa.testcases.OpenResumeModelHtmlPageTest@31a5c39e]" name="setup" is-config="true" duration-ms="37106" started-at="2018-12-31T11:06:28Z" finished-at="2018-12-31T11:07:05Z">
          <reporter-output>
          </reporter-output>
        </test-method> <!-- setup -->
        <test-method status="PASS" signature="goldClickFromModelHtmlTabTest()[pri:45, instance:com.rqanrs.qa.testcases.OpenResumeModelHtmlPageTest@31a5c39e]" name="goldClickFromModelHtmlTabTest" duration-ms="5087" started-at="2018-12-31T11:07:05Z" finished-at="2018-12-31T11:07:10Z">
          <reporter-output>
          </reporter-output>
        </test-method> <!-- goldClickFromModelHtmlTabTest -->
      </class> <!-- com.rqanrs.qa.testcases.OpenResumeModelHtmlPageTest -->
      <class name="com.rqanrs.qa.testcases.DeletingCreatedTestDataTest">
        <test-method status="PASS" signature="setup()[pri:0, instance:com.rqanrs.qa.testcases.DeletingCreatedTestDataTest@3f49dace]" name="setup" is-config="true" duration-ms="9573" started-at="2018-12-31T11:07:10Z" finished-at="2018-12-31T11:07:19Z">
          <reporter-output>
          </reporter-output>
        </test-method> <!-- setup -->
        <test-method status="PASS" signature="deleteTestDataTest()[pri:46, instance:com.rqanrs.qa.testcases.DeletingCreatedTestDataTest@3f49dace]" name="deleteTestDataTest" duration-ms="12977" started-at="2018-12-31T11:07:19Z" finished-at="2018-12-31T11:07:32Z">
          <reporter-output>
          </reporter-output>
        </test-method> <!-- deleteTestDataTest -->
        <test-method status="PASS" signature="tearDown()[pri:0, instance:com.rqanrs.qa.testcases.DeletingCreatedTestDataTest@3f49dace]" name="tearDown" is-config="true" duration-ms="70" started-at="2018-12-31T11:07:32Z" finished-at="2018-12-31T11:07:32Z">
          <reporter-output>
          </reporter-output>
        </test-method> <!-- tearDown -->
      </class> <!-- com.rqanrs.qa.testcases.DeletingCreatedTestDataTest -->
      <class name="com.rqanrs.qa.testcases.LoginPageTest">
        <test-method status="PASS" signature="setup()[pri:0, instance:com.rqanrs.qa.testcases.LoginPageTest@1ce92674]" name="setup" is-config="true" duration-ms="6888" started-at="2018-12-31T10:44:10Z" finished-at="2018-12-31T10:44:17Z">
          <reporter-output>
          </reporter-output>
        </test-method> <!-- setup -->
        <test-method status="PASS" signature="loginPageTitleTest()[pri:1, instance:com.rqanrs.qa.testcases.LoginPageTest@1ce92674]" name="loginPageTitleTest" duration-ms="84" started-at="2018-12-31T10:44:17Z" finished-at="2018-12-31T10:44:17Z">
          <reporter-output>
          </reporter-output>
        </test-method> <!-- loginPageTitleTest -->
        <test-method status="PASS" signature="tearDown()[pri:0, instance:com.rqanrs.qa.testcases.LoginPageTest@1ce92674]" name="tearDown" is-config="true" duration-ms="78" started-at="2018-12-31T10:44:17Z" finished-at="2018-12-31T10:44:17Z">
          <reporter-output>
          </reporter-output>
        </test-method> <!-- tearDown -->
        <test-method status="PASS" signature="setup()[pri:0, instance:com.rqanrs.qa.testcases.LoginPageTest@1ce92674]" name="setup" is-config="true" duration-ms="6555" started-at="2018-12-31T10:44:18Z" finished-at="2018-12-31T10:44:24Z">
          <reporter-output>
          </reporter-output>
        </test-method> <!-- setup -->
        <test-method status="PASS" signature="loginTest(java.lang.String, java.lang.String)[pri:2, instance:com.rqanrs.qa.testcases.LoginPageTest@1ce92674]" name="loginTest" duration-ms="1031" started-at="2018-12-31T10:44:24Z" data-provider="getTestdata" finished-at="2018-12-31T10:44:25Z">
          <params>
            <param index="0">
              <value>
                <![CDATA[vaishnavi@rezoomex.com]]>
              </value>
            </param>
            <param index="1">
              <value>
                <![CDATA[vaishnavi@0363]]>
              </value>
            </param>
          </params>
          <reporter-output>
          </reporter-output>
        </test-method> <!-- loginTest -->
        <test-method status="PASS" signature="tearDown()[pri:0, instance:com.rqanrs.qa.testcases.LoginPageTest@1ce92674]" name="tearDown" is-config="true" duration-ms="226" started-at="2018-12-31T10:44:25Z" finished-at="2018-12-31T10:44:25Z">
          <reporter-output>
          </reporter-output>
        </test-method> <!-- tearDown -->
        <test-method status="PASS" signature="setup()[pri:0, instance:com.rqanrs.qa.testcases.LoginPageTest@1ce92674]" name="setup" is-config="true" duration-ms="6849" started-at="2018-12-31T10:44:25Z" finished-at="2018-12-31T10:44:32Z">
          <reporter-output>
          </reporter-output>
        </test-method> <!-- setup -->
        <test-method status="PASS" signature="loginTest(java.lang.String, java.lang.String)[pri:2, instance:com.rqanrs.qa.testcases.LoginPageTest@1ce92674]" name="loginTest" duration-ms="1044" started-at="2018-12-31T10:44:32Z" data-provider="getTestdata" finished-at="2018-12-31T10:44:33Z">
          <params>
            <param index="0">
              <value>
                <![CDATA[ankit@rezoomex.com]]>
              </value>
            </param>
            <param index="1">
              <value>
                <![CDATA[ankit@4625]]>
              </value>
            </param>
          </params>
          <reporter-output>
          </reporter-output>
        </test-method> <!-- loginTest -->
        <test-method status="PASS" signature="tearDown()[pri:0, instance:com.rqanrs.qa.testcases.LoginPageTest@1ce92674]" name="tearDown" is-config="true" duration-ms="129" started-at="2018-12-31T10:44:33Z" finished-at="2018-12-31T10:44:34Z">
          <reporter-output>
          </reporter-output>
        </test-method> <!-- tearDown -->
      </class> <!-- com.rqanrs.qa.testcases.LoginPageTest -->
      <class name="com.rqanrs.qa.testcases.ManageJobsTest">
        <test-method status="PASS" signature="setup()[pri:0, instance:com.rqanrs.qa.testcases.ManageJobsTest@5700d6b1]" name="setup" is-config="true" duration-ms="8215" started-at="2018-12-31T10:44:34Z" finished-at="2018-12-31T10:44:42Z">
          <reporter-output>
          </reporter-output>
        </test-method> <!-- setup -->
        <test-method status="PASS" signature="automatedJobCreationTest()[pri:4, instance:com.rqanrs.qa.testcases.ManageJobsTest@5700d6b1]" name="automatedJobCreationTest" duration-ms="4516" started-at="2018-12-31T10:44:42Z" finished-at="2018-12-31T10:44:46Z">
          <reporter-output>
          </reporter-output>
        </test-method> <!-- automatedJobCreationTest -->
        <test-method status="PASS" signature="tearDown()[pri:0, instance:com.rqanrs.qa.testcases.ManageJobsTest@5700d6b1]" name="tearDown" is-config="true" duration-ms="78" started-at="2018-12-31T10:44:46Z" finished-at="2018-12-31T10:44:46Z">
          <reporter-output>
          </reporter-output>
        </test-method> <!-- tearDown -->
        <test-method status="PASS" signature="setup()[pri:0, instance:com.rqanrs.qa.testcases.ManageJobsTest@5700d6b1]" name="setup" is-config="true" duration-ms="9149" started-at="2018-12-31T10:44:46Z" finished-at="2018-12-31T10:44:55Z">
          <reporter-output>
          </reporter-output>
        </test-method> <!-- setup -->
        <test-method status="PASS" signature="manualJobCreationTest()[pri:5, instance:com.rqanrs.qa.testcases.ManageJobsTest@5700d6b1]" name="manualJobCreationTest" duration-ms="4714" started-at="2018-12-31T10:44:55Z" finished-at="2018-12-31T10:45:00Z">
          <reporter-output>
          </reporter-output>
        </test-method> <!-- manualJobCreationTest -->
        <test-method status="PASS" signature="tearDown()[pri:0, instance:com.rqanrs.qa.testcases.ManageJobsTest@5700d6b1]" name="tearDown" is-config="true" duration-ms="87" started-at="2018-12-31T10:45:00Z" finished-at="2018-12-31T10:45:00Z">
          <reporter-output>
          </reporter-output>
        </test-method> <!-- tearDown -->
        <test-method status="PASS" signature="setup()[pri:0, instance:com.rqanrs.qa.testcases.ManageJobsTest@5700d6b1]" name="setup" is-config="true" duration-ms="8450" started-at="2018-12-31T10:45:00Z" finished-at="2018-12-31T10:45:09Z">
          <reporter-output>
          </reporter-output>
        </test-method> <!-- setup -->
        <test-method status="PASS" signature="processJobTest()[pri:6, instance:com.rqanrs.qa.testcases.ManageJobsTest@5700d6b1]" name="processJobTest" duration-ms="10660" started-at="2018-12-31T10:45:09Z" finished-at="2018-12-31T10:45:19Z">
          <reporter-output>
          </reporter-output>
        </test-method> <!-- processJobTest -->
        <test-method status="PASS" signature="tearDown()[pri:0, instance:com.rqanrs.qa.testcases.ManageJobsTest@5700d6b1]" name="tearDown" is-config="true" duration-ms="74" started-at="2018-12-31T10:45:19Z" finished-at="2018-12-31T10:45:19Z">
          <reporter-output>
          </reporter-output>
        </test-method> <!-- tearDown -->
        <test-method status="PASS" signature="setup()[pri:0, instance:com.rqanrs.qa.testcases.ManageJobsTest@5700d6b1]" name="setup" is-config="true" duration-ms="8082" started-at="2018-12-31T10:45:19Z" finished-at="2018-12-31T10:45:28Z">
          <reporter-output>
          </reporter-output>
        </test-method> <!-- setup -->
        <test-method status="PASS" signature="refreshManageJobsCorpusTest()[pri:7, instance:com.rqanrs.qa.testcases.ManageJobsTest@5700d6b1]" name="refreshManageJobsCorpusTest" duration-ms="10088" started-at="2018-12-31T10:45:28Z" finished-at="2018-12-31T10:45:38Z">
          <reporter-output>
          </reporter-output>
        </test-method> <!-- refreshManageJobsCorpusTest -->
        <test-method status="PASS" signature="tearDown()[pri:0, instance:com.rqanrs.qa.testcases.ManageJobsTest@5700d6b1]" name="tearDown" is-config="true" duration-ms="82" started-at="2018-12-31T10:45:38Z" finished-at="2018-12-31T10:45:38Z">
          <reporter-output>
          </reporter-output>
        </test-method> <!-- tearDown -->
        <test-method status="PASS" signature="setup()[pri:0, instance:com.rqanrs.qa.testcases.ManageJobsTest@5700d6b1]" name="setup" is-config="true" duration-ms="8507" started-at="2018-12-31T10:45:38Z" finished-at="2018-12-31T10:45:46Z">
          <reporter-output>
          </reporter-output>
        </test-method> <!-- setup -->
        <test-method status="PASS" signature="trackJobTest()[pri:8, instance:com.rqanrs.qa.testcases.ManageJobsTest@5700d6b1]" name="trackJobTest" duration-ms="9098" started-at="2018-12-31T10:45:46Z" finished-at="2018-12-31T10:45:55Z">
          <reporter-output>
          </reporter-output>
        </test-method> <!-- trackJobTest -->
        <test-method status="PASS" signature="tearDown()[pri:0, instance:com.rqanrs.qa.testcases.ManageJobsTest@5700d6b1]" name="tearDown" is-config="true" duration-ms="84" started-at="2018-12-31T10:45:55Z" finished-at="2018-12-31T10:45:55Z">
          <reporter-output>
          </reporter-output>
        </test-method> <!-- tearDown -->
        <test-method status="PASS" signature="setup()[pri:0, instance:com.rqanrs.qa.testcases.ManageJobsTest@5700d6b1]" name="setup" is-config="true" duration-ms="8808" started-at="2018-12-31T10:45:55Z" finished-at="2018-12-31T10:46:04Z">
          <reporter-output>
          </reporter-output>
        </test-method> <!-- setup -->
        <test-method status="PASS" signature="downloadTrackerTest()[pri:9, instance:com.rqanrs.qa.testcases.ManageJobsTest@5700d6b1]" name="downloadTrackerTest" duration-ms="3813" started-at="2018-12-31T10:46:04Z" finished-at="2018-12-31T10:46:08Z">
          <reporter-output>
          </reporter-output>
        </test-method> <!-- downloadTrackerTest -->
        <test-method status="PASS" signature="tearDown()[pri:0, instance:com.rqanrs.qa.testcases.ManageJobsTest@5700d6b1]" name="tearDown" is-config="true" duration-ms="77" started-at="2018-12-31T10:46:08Z" finished-at="2018-12-31T10:46:08Z">
          <reporter-output>
          </reporter-output>
        </test-method> <!-- tearDown -->
        <test-method status="PASS" signature="setup()[pri:0, instance:com.rqanrs.qa.testcases.ManageJobsTest@5700d6b1]" name="setup" is-config="true" duration-ms="8676" started-at="2018-12-31T10:46:08Z" finished-at="2018-12-31T10:46:17Z">
          <reporter-output>
          </reporter-output>
        </test-method> <!-- setup -->
        <test-method status="PASS" signature="openingJobTest()[pri:11, instance:com.rqanrs.qa.testcases.ManageJobsTest@5700d6b1]" name="openingJobTest" duration-ms="5971" started-at="2018-12-31T10:46:17Z" finished-at="2018-12-31T10:46:23Z">
          <reporter-output>
          </reporter-output>
        </test-method> <!-- openingJobTest -->
        <test-method status="PASS" signature="tearDown()[pri:0, instance:com.rqanrs.qa.testcases.ManageJobsTest@5700d6b1]" name="tearDown" is-config="true" duration-ms="83" started-at="2018-12-31T10:46:23Z" finished-at="2018-12-31T10:46:23Z">
          <reporter-output>
          </reporter-output>
        </test-method> <!-- tearDown -->
        <test-method status="PASS" signature="setup()[pri:0, instance:com.rqanrs.qa.testcases.ManageJobsTest@5700d6b1]" name="setup" is-config="true" duration-ms="8627" started-at="2018-12-31T10:46:23Z" finished-at="2018-12-31T10:46:31Z">
          <reporter-output>
          </reporter-output>
        </test-method> <!-- setup -->
        <test-method status="PASS" signature="logoutFromManageJobsCorpusTest()[pri:12, instance:com.rqanrs.qa.testcases.ManageJobsTest@5700d6b1]" name="logoutFromManageJobsCorpusTest" duration-ms="2066" started-at="2018-12-31T10:46:31Z" finished-at="2018-12-31T10:46:34Z">
          <reporter-output>
          </reporter-output>
        </test-method> <!-- logoutFromManageJobsCorpusTest -->
        <test-method status="PASS" signature="tearDown()[pri:0, instance:com.rqanrs.qa.testcases.ManageJobsTest@5700d6b1]" name="tearDown" is-config="true" duration-ms="80" started-at="2018-12-31T10:46:34Z" finished-at="2018-12-31T10:46:34Z">
          <reporter-output>
          </reporter-output>
        </test-method> <!-- tearDown -->
        <test-method status="PASS" signature="setup()[pri:0, instance:com.rqanrs.qa.testcases.ManageJobsTest@5700d6b1]" name="setup" is-config="true" duration-ms="8258" started-at="2018-12-31T10:46:34Z" finished-at="2018-12-31T10:46:42Z">
          <reporter-output>
          </reporter-output>
        </test-method> <!-- setup -->
        <test-method status="PASS" signature="solrRedirectFromManageJobsCorpusTest()[pri:13, instance:com.rqanrs.qa.testcases.ManageJobsTest@5700d6b1]" name="solrRedirectFromManageJobsCorpusTest" duration-ms="12983" started-at="2018-12-31T10:46:42Z" finished-at="2018-12-31T10:46:55Z">
          <reporter-output>
          </reporter-output>
        </test-method> <!-- solrRedirectFromManageJobsCorpusTest -->
        <test-method status="PASS" signature="tearDown()[pri:0, instance:com.rqanrs.qa.testcases.ManageJobsTest@5700d6b1]" name="tearDown" is-config="true" duration-ms="70" started-at="2018-12-31T10:46:55Z" finished-at="2018-12-31T10:46:55Z">
          <reporter-output>
          </reporter-output>
        </test-method> <!-- tearDown -->
        <test-method status="PASS" signature="setup()[pri:0, instance:com.rqanrs.qa.testcases.ManageJobsTest@5700d6b1]" name="setup" is-config="true" duration-ms="8466" started-at="2018-12-31T10:46:55Z" finished-at="2018-12-31T10:47:03Z">
          <reporter-output>
          </reporter-output>
        </test-method> <!-- setup -->
        <test-method status="PASS" signature="goldClickFromManageJobsCorpusTest()[pri:14, instance:com.rqanrs.qa.testcases.ManageJobsTest@5700d6b1]" name="goldClickFromManageJobsCorpusTest" duration-ms="2078" started-at="2018-12-31T10:47:03Z" finished-at="2018-12-31T10:47:05Z">
          <reporter-output>
          </reporter-output>
        </test-method> <!-- goldClickFromManageJobsCorpusTest -->
        <test-method status="PASS" signature="tearDown()[pri:0, instance:com.rqanrs.qa.testcases.ManageJobsTest@5700d6b1]" name="tearDown" is-config="true" duration-ms="74" started-at="2018-12-31T10:47:05Z" finished-at="2018-12-31T10:47:06Z">
          <reporter-output>
          </reporter-output>
        </test-method> <!-- tearDown -->
      </class> <!-- com.rqanrs.qa.testcases.ManageJobsTest -->
      <class name="com.rqanrs.qa.testcases.ManageResumesPageTest">
        <test-method status="PASS" signature="setup()[pri:0, instance:com.rqanrs.qa.testcases.ManageResumesPageTest@e45f292]" name="setup" is-config="true" duration-ms="22284" started-at="2018-12-31T10:51:14Z" finished-at="2018-12-31T10:51:37Z">
          <reporter-output>
          </reporter-output>
        </test-method> <!-- setup -->
        <test-method status="PASS" signature="folderUploadTest()[pri:25, instance:com.rqanrs.qa.testcases.ManageResumesPageTest@e45f292]" name="folderUploadTest" duration-ms="86121" started-at="2018-12-31T10:51:37Z" finished-at="2018-12-31T10:53:03Z">
          <reporter-output>
          </reporter-output>
        </test-method> <!-- folderUploadTest -->
        <test-method status="PASS" signature="tearDown()[pri:0, instance:com.rqanrs.qa.testcases.ManageResumesPageTest@e45f292]" name="tearDown" is-config="true" duration-ms="75" started-at="2018-12-31T10:53:03Z" finished-at="2018-12-31T10:53:03Z">
          <reporter-output>
          </reporter-output>
        </test-method> <!-- tearDown -->
        <test-method status="PASS" signature="setup()[pri:0, instance:com.rqanrs.qa.testcases.ManageResumesPageTest@e45f292]" name="setup" is-config="true" duration-ms="22497" started-at="2018-12-31T10:53:03Z" finished-at="2018-12-31T10:53:25Z">
          <reporter-output>
          </reporter-output>
        </test-method> <!-- setup -->
        <test-method status="PASS" signature="singleUploadTest()[pri:26, instance:com.rqanrs.qa.testcases.ManageResumesPageTest@e45f292]" name="singleUploadTest" duration-ms="36149" started-at="2018-12-31T10:53:25Z" finished-at="2018-12-31T10:54:01Z">
          <reporter-output>
          </reporter-output>
        </test-method> <!-- singleUploadTest -->
        <test-method status="PASS" signature="tearDown()[pri:0, instance:com.rqanrs.qa.testcases.ManageResumesPageTest@e45f292]" name="tearDown" is-config="true" duration-ms="87" started-at="2018-12-31T10:54:01Z" finished-at="2018-12-31T10:54:01Z">
          <reporter-output>
          </reporter-output>
        </test-method> <!-- tearDown -->
        <test-method status="PASS" signature="setup()[pri:0, instance:com.rqanrs.qa.testcases.ManageResumesPageTest@e45f292]" name="setup" is-config="true" duration-ms="23001" started-at="2018-12-31T10:54:01Z" finished-at="2018-12-31T10:54:24Z">
          <reporter-output>
          </reporter-output>
        </test-method> <!-- setup -->
        <test-method status="PASS" signature="refreshManageResumesCorpusTest()[pri:27, instance:com.rqanrs.qa.testcases.ManageResumesPageTest@e45f292]" name="refreshManageResumesCorpusTest" duration-ms="6067" started-at="2018-12-31T10:54:24Z" finished-at="2018-12-31T10:54:31Z">
          <reporter-output>
          </reporter-output>
        </test-method> <!-- refreshManageResumesCorpusTest -->
        <test-method status="PASS" signature="tearDown()[pri:0, instance:com.rqanrs.qa.testcases.ManageResumesPageTest@e45f292]" name="tearDown" is-config="true" duration-ms="69" started-at="2018-12-31T10:54:31Z" finished-at="2018-12-31T10:54:31Z">
          <reporter-output>
          </reporter-output>
        </test-method> <!-- tearDown -->
        <test-method status="PASS" signature="setup()[pri:0, instance:com.rqanrs.qa.testcases.ManageResumesPageTest@e45f292]" name="setup" is-config="true" duration-ms="24341" started-at="2018-12-31T10:54:31Z" finished-at="2018-12-31T10:54:55Z">
          <reporter-output>
          </reporter-output>
        </test-method> <!-- setup -->
        <test-method status="PASS" signature="quickTrackerDownloadTest()[pri:28, instance:com.rqanrs.qa.testcases.ManageResumesPageTest@e45f292]" name="quickTrackerDownloadTest" duration-ms="6069" started-at="2018-12-31T10:54:55Z" finished-at="2018-12-31T10:55:01Z">
          <reporter-output>
          </reporter-output>
        </test-method> <!-- quickTrackerDownloadTest -->
        <test-method status="PASS" signature="tearDown()[pri:0, instance:com.rqanrs.qa.testcases.ManageResumesPageTest@e45f292]" name="tearDown" is-config="true" duration-ms="75" started-at="2018-12-31T10:55:01Z" finished-at="2018-12-31T10:55:01Z">
          <reporter-output>
          </reporter-output>
        </test-method> <!-- tearDown -->
        <test-method status="PASS" signature="setup()[pri:0, instance:com.rqanrs.qa.testcases.ManageResumesPageTest@e45f292]" name="setup" is-config="true" duration-ms="22891" started-at="2018-12-31T10:55:01Z" finished-at="2018-12-31T10:55:24Z">
          <reporter-output>
          </reporter-output>
        </test-method> <!-- setup -->
        <test-method status="PASS" signature="suitabilityTrackerDownloadTest()[pri:29, instance:com.rqanrs.qa.testcases.ManageResumesPageTest@e45f292]" name="suitabilityTrackerDownloadTest" duration-ms="6070" started-at="2018-12-31T10:55:24Z" finished-at="2018-12-31T10:55:30Z">
          <reporter-output>
          </reporter-output>
        </test-method> <!-- suitabilityTrackerDownloadTest -->
        <test-method status="PASS" signature="tearDown()[pri:0, instance:com.rqanrs.qa.testcases.ManageResumesPageTest@e45f292]" name="tearDown" is-config="true" duration-ms="73" started-at="2018-12-31T10:55:30Z" finished-at="2018-12-31T10:55:30Z">
          <reporter-output>
          </reporter-output>
        </test-method> <!-- tearDown -->
        <test-method status="PASS" signature="setup()[pri:0, instance:com.rqanrs.qa.testcases.ManageResumesPageTest@e45f292]" name="setup" is-config="true" duration-ms="22044" started-at="2018-12-31T10:55:30Z" finished-at="2018-12-31T10:55:52Z">
          <reporter-output>
          </reporter-output>
        </test-method> <!-- setup -->
        <test-method status="PASS" signature="addToTrackerTest()[pri:30, instance:com.rqanrs.qa.testcases.ManageResumesPageTest@e45f292]" name="addToTrackerTest" duration-ms="6079" started-at="2018-12-31T10:55:52Z" finished-at="2018-12-31T10:55:58Z">
          <reporter-output>
          </reporter-output>
        </test-method> <!-- addToTrackerTest -->
        <test-method status="PASS" signature="tearDown()[pri:0, instance:com.rqanrs.qa.testcases.ManageResumesPageTest@e45f292]" name="tearDown" is-config="true" duration-ms="70" started-at="2018-12-31T10:55:58Z" finished-at="2018-12-31T10:55:58Z">
          <reporter-output>
          </reporter-output>
        </test-method> <!-- tearDown -->
        <test-method status="PASS" signature="setup()[pri:0, instance:com.rqanrs.qa.testcases.ManageResumesPageTest@e45f292]" name="setup" is-config="true" duration-ms="21630" started-at="2018-12-31T10:55:58Z" finished-at="2018-12-31T10:56:20Z">
          <reporter-output>
          </reporter-output>
        </test-method> <!-- setup -->
        <test-method status="PASS" signature="deleteResumeTest()[pri:31, instance:com.rqanrs.qa.testcases.ManageResumesPageTest@e45f292]" name="deleteResumeTest" duration-ms="6070" started-at="2018-12-31T10:56:20Z" finished-at="2018-12-31T10:56:26Z">
          <reporter-output>
          </reporter-output>
        </test-method> <!-- deleteResumeTest -->
        <test-method status="PASS" signature="tearDown()[pri:0, instance:com.rqanrs.qa.testcases.ManageResumesPageTest@e45f292]" name="tearDown" is-config="true" duration-ms="69" started-at="2018-12-31T10:56:26Z" finished-at="2018-12-31T10:56:26Z">
          <reporter-output>
          </reporter-output>
        </test-method> <!-- tearDown -->
        <test-method status="PASS" signature="setup()[pri:0, instance:com.rqanrs.qa.testcases.ManageResumesPageTest@e45f292]" name="setup" is-config="true" duration-ms="22414" started-at="2018-12-31T10:56:26Z" finished-at="2018-12-31T10:56:49Z">
          <reporter-output>
          </reporter-output>
        </test-method> <!-- setup -->
        <test-method status="PASS" signature="moveToGoldTest()[pri:32, instance:com.rqanrs.qa.testcases.ManageResumesPageTest@e45f292]" name="moveToGoldTest" duration-ms="6074" started-at="2018-12-31T10:56:49Z" finished-at="2018-12-31T10:56:55Z">
          <reporter-output>
          </reporter-output>
        </test-method> <!-- moveToGoldTest -->
        <test-method status="PASS" signature="tearDown()[pri:0, instance:com.rqanrs.qa.testcases.ManageResumesPageTest@e45f292]" name="tearDown" is-config="true" duration-ms="71" started-at="2018-12-31T10:56:55Z" finished-at="2018-12-31T10:56:55Z">
          <reporter-output>
          </reporter-output>
        </test-method> <!-- tearDown -->
        <test-method status="PASS" signature="setup()[pri:0, instance:com.rqanrs.qa.testcases.ManageResumesPageTest@e45f292]" name="setup" is-config="true" duration-ms="21385" started-at="2018-12-31T10:56:55Z" finished-at="2018-12-31T10:57:16Z">
          <reporter-output>
          </reporter-output>
        </test-method> <!-- setup -->
        <test-method status="PASS" signature="opeingResumeTest()[pri:33, instance:com.rqanrs.qa.testcases.ManageResumesPageTest@e45f292]" name="opeingResumeTest" duration-ms="6076" started-at="2018-12-31T10:57:16Z" finished-at="2018-12-31T10:57:22Z">
          <reporter-output>
          </reporter-output>
        </test-method> <!-- opeingResumeTest -->
        <test-method status="PASS" signature="tearDown()[pri:0, instance:com.rqanrs.qa.testcases.ManageResumesPageTest@e45f292]" name="tearDown" is-config="true" duration-ms="72" started-at="2018-12-31T10:57:22Z" finished-at="2018-12-31T10:57:22Z">
          <reporter-output>
          </reporter-output>
        </test-method> <!-- tearDown -->
      </class> <!-- com.rqanrs.qa.testcases.ManageResumesPageTest -->
      <class name="com.rqanrs.qa.testcases.OpenResumePageTest">
        <test-method status="PASS" signature="setup()[pri:0, instance:com.rqanrs.qa.testcases.OpenResumePageTest@5f2108b5]" name="setup" is-config="true" duration-ms="33720" started-at="2018-12-31T10:57:22Z" finished-at="2018-12-31T10:57:56Z">
          <reporter-output>
          </reporter-output>
        </test-method> <!-- setup -->
        <test-method status="PASS" signature="backtoCorpusToBeAnnotatedTabResume()[pri:34, instance:com.rqanrs.qa.testcases.OpenResumePageTest@5f2108b5]" name="backtoCorpusToBeAnnotatedTabResume" duration-ms="3153" started-at="2018-12-31T10:57:56Z" finished-at="2018-12-31T10:57:59Z">
          <reporter-output>
          </reporter-output>
        </test-method> <!-- backtoCorpusToBeAnnotatedTabResume -->
        <test-method status="PASS" signature="tearDown()[pri:0, instance:com.rqanrs.qa.testcases.OpenResumePageTest@5f2108b5]" name="tearDown" is-config="true" duration-ms="80" started-at="2018-12-31T10:57:59Z" finished-at="2018-12-31T10:57:59Z">
          <reporter-output>
          </reporter-output>
        </test-method> <!-- tearDown -->
        <test-method status="PASS" signature="setup()[pri:0, instance:com.rqanrs.qa.testcases.OpenResumePageTest@5f2108b5]" name="setup" is-config="true" duration-ms="33651" started-at="2018-12-31T10:57:59Z" finished-at="2018-12-31T10:58:33Z">
          <reporter-output>
          </reporter-output>
        </test-method> <!-- setup -->
        <test-method status="FAIL" signature="deleteAnnotationsToBeAnnotatedTabResume()[pri:35, instance:com.rqanrs.qa.testcases.OpenResumePageTest@5f2108b5]" name="deleteAnnotationsToBeAnnotatedTabResume" duration-ms="113230" started-at="2018-12-31T10:58:33Z" finished-at="2018-12-31T11:00:26Z">
          <exception class="org.openqa.selenium.NoSuchElementException">
            <message>
              <![CDATA[no such element: Unable to locate element: {"method":"xpath","selector":"//*[@id='projectAnnotation']/li/a/span"}
  (Session info: chrome=63.0.3239.132)
  (Driver info: chromedriver=2.35.528139 (47ead77cb35ad2a9a83248b292151462a66cd881),platform=Linux 4.4.0-93-generic x86_64) (WARNING: The server did not provide any stacktrace information)
Command duration or timeout: 0 milliseconds
For documentation on this error, please visit: https://www.seleniumhq.org/exceptions/no_such_element.html
Build info: version: '3.141.59', revision: 'e82be7d358', time: '2018-11-14T08:17:03'
System info: host: 'ULTP-478', ip: '127.0.0.1', os.name: 'Linux', os.arch: 'amd64', os.version: '4.4.0-93-generic', java.version: '1.8.0_171'
Driver info: org.openqa.selenium.chrome.ChromeDriver
Capabilities {acceptInsecureCerts: false, acceptSslCerts: false, applicationCacheEnabled: false, browserConnectionEnabled: false, browserName: chrome, chrome: {chromedriverVersion: 2.35.528139 (47ead77cb35ad2..., userDataDir: /tmp/.org.chromium.Chromium...}, cssSelectorsEnabled: true, databaseEnabled: false, handlesAlerts: true, hasTouchScreen: false, javascriptEnabled: true, locationContextEnabled: true, mobileEmulationEnabled: false, nativeEvents: true, networkConnectionEnabled: false, pageLoadStrategy: normal, platform: LINUX, platformName: LINUX, rotatable: false, setWindowRect: true, takesHeapSnapshot: true, takesScreenshot: true, unexpectedAlertBehaviour: , unhandledPromptBehavior: , version: 63.0.3239.132, webStorageEnabled: true}
Session ID: b3539c8168e51777c26334c6bf3e9e34
*** Element info: {Using=xpath, value=//*[@id='projectAnnotation']/li/a/span}]]>
            </message>
            <full-stacktrace>
              <![CDATA[org.openqa.selenium.NoSuchElementException: no such element: Unable to locate element: {"method":"xpath","selector":"//*[@id='projectAnnotation']/li/a/span"}
  (Session info: chrome=63.0.3239.132)
  (Driver info: chromedriver=2.35.528139 (47ead77cb35ad2a9a83248b292151462a66cd881),platform=Linux 4.4.0-93-generic x86_64) (WARNING: The server did not provide any stacktrace information)
Command duration or timeout: 0 milliseconds
For documentation on this error, please visit: https://www.seleniumhq.org/exceptions/no_such_element.html
Build info: version: '3.141.59', revision: 'e82be7d358', time: '2018-11-14T08:17:03'
System info: host: 'ULTP-478', ip: '127.0.0.1', os.name: 'Linux', os.arch: 'amd64', os.version: '4.4.0-93-generic', java.version: '1.8.0_171'
Driver info: org.openqa.selenium.chrome.ChromeDriver
Capabilities {acceptInsecureCerts: false, acceptSslCerts: false, applicationCacheEnabled: false, browserConnectionEnabled: false, browserName: chrome, chrome: {chromedriverVersion: 2.35.528139 (47ead77cb35ad2..., userDataDir: /tmp/.org.chromium.Chromium...}, cssSelectorsEnabled: true, databaseEnabled: false, handlesAlerts: true, hasTouchScreen: false, javascriptEnabled: true, locationContextEnabled: true, mobileEmulationEnabled: false, nativeEvents: true, networkConnectionEnabled: false, pageLoadStrategy: normal, platform: LINUX, platformName: LINUX, rotatable: false, setWindowRect: true, takesHeapSnapshot: true, takesScreenshot: true, unexpectedAlertBehaviour: , unhandledPromptBehavior: , version: 63.0.3239.132, webStorageEnabled: true}
Session ID: b3539c8168e51777c26334c6bf3e9e34
*** Element info: {Using=xpath, value=//*[@id='projectAnnotation']/li/a/span}
at sun.reflect.NativeConstructorAccessorImpl.newInstance0(Native Method)
at sun.reflect.NativeConstructorAccessorImpl.newInstance(NativeConstructorAccessorImpl.java:62)
at sun.reflect.DelegatingConstructorAccessorImpl.newInstance(DelegatingConstructorAccessorImpl.java:45)
at java.lang.reflect.Constructor.newInstance(Constructor.java:423)
at org.openqa.selenium.remote.ErrorHandler.createThrowable(ErrorHandler.java:214)
at org.openqa.selenium.remote.ErrorHandler.throwIfResponseFailed(ErrorHandler.java:166)
at org.openqa.selenium.remote.http.JsonHttpResponseCodec.reconstructValue(JsonHttpResponseCodec.java:40)
at org.openqa.selenium.remote.http.AbstractHttpResponseCodec.decode(AbstractHttpResponseCodec.java:80)
at org.openqa.selenium.remote.http.AbstractHttpResponseCodec.decode(AbstractHttpResponseCodec.java:44)
at org.openqa.selenium.remote.HttpCommandExecutor.execute(HttpCommandExecutor.java:158)
at org.openqa.selenium.remote.service.DriverCommandExecutor.execute(DriverCommandExecutor.java:83)
at org.openqa.selenium.remote.RemoteWebDriver.execute(RemoteWebDriver.java:552)
at org.openqa.selenium.remote.RemoteWebDriver.findElement(RemoteWebDriver.java:323)
at org.openqa.selenium.remote.RemoteWebDriver.findElementByXPath(RemoteWebDriver.java:428)
at org.openqa.selenium.By$ByXPath.findElement(By.java:353)
at org.openqa.selenium.remote.RemoteWebDriver.findElement(RemoteWebDriver.java:315)
at sun.reflect.GeneratedMethodAccessor4.invoke(Unknown Source)
at sun.reflect.DelegatingMethodAccessorImpl.invoke(DelegatingMethodAccessorImpl.java:43)
at java.lang.reflect.Method.invoke(Method.java:498)
at org.openqa.selenium.support.events.EventFiringWebDriver.lambda$new$1(EventFiringWebDriver.java:105)
at com.sun.proxy.$Proxy8.findElement(Unknown Source)
at org.openqa.selenium.support.events.EventFiringWebDriver.findElement(EventFiringWebDriver.java:194)
at com.rqanrs.qa.pages.OpenResumePage.verifyDeletingAnnotations(OpenResumePage.java:168)
at com.rqanrs.qa.testcases.OpenResumePageTest.deleteAnnotationsToBeAnnotatedTabResume(OpenResumePageTest.java:62)
at sun.reflect.NativeMethodAccessorImpl.invoke0(Native Method)
at sun.reflect.NativeMethodAccessorImpl.invoke(NativeMethodAccessorImpl.java:62)
at sun.reflect.DelegatingMethodAccessorImpl.invoke(DelegatingMethodAccessorImpl.java:43)
at java.lang.reflect.Method.invoke(Method.java:498)
at org.testng.internal.MethodInvocationHelper.invokeMethod(MethodInvocationHelper.java:124)
at org.testng.internal.Invoker.invokeMethod(Invoker.java:580)
at org.testng.internal.Invoker.invokeTestMethod(Invoker.java:716)
at org.testng.internal.Invoker.invokeTestMethods(Invoker.java:988)
at org.testng.internal.TestMethodWorker.invokeTestMethods(TestMethodWorker.java:125)
at org.testng.internal.TestMethodWorker.run(TestMethodWorker.java:109)
at org.testng.TestRunner.privateRun(TestRunner.java:648)
at org.testng.TestRunner.run(TestRunner.java:505)
at org.testng.SuiteRunner.runTest(SuiteRunner.java:455)
at org.testng.SuiteRunner.runSequentially(SuiteRunner.java:450)
at org.testng.SuiteRunner.privateRun(SuiteRunner.java:415)
at org.testng.SuiteRunner.run(SuiteRunner.java:364)
at org.testng.SuiteRunnerWorker.runSuite(SuiteRunnerWorker.java:52)
at org.testng.SuiteRunnerWorker.run(SuiteRunnerWorker.java:84)
at org.testng.TestNG.runSuitesSequentially(TestNG.java:1208)
at org.testng.TestNG.runSuitesLocally(TestNG.java:1137)
at org.testng.TestNG.runSuites(TestNG.java:1049)
at org.testng.TestNG.run(TestNG.java:1017)
at org.testng.remote.AbstractRemoteTestNG.run(AbstractRemoteTestNG.java:114)
at org.testng.remote.RemoteTestNG.initAndRun(RemoteTestNG.java:251)
at org.testng.remote.RemoteTestNG.main(RemoteTestNG.java:77)
]]>
            </full-stacktrace>
          </exception> <!-- org.openqa.selenium.NoSuchElementException -->
          <reporter-output>
          </reporter-output>
        </test-method> <!-- deleteAnnotationsToBeAnnotatedTabResume -->
        <test-method status="PASS" signature="tearDown()[pri:0, instance:com.rqanrs.qa.testcases.OpenResumePageTest@5f2108b5]" name="tearDown" is-config="true" duration-ms="84" started-at="2018-12-31T11:00:26Z" finished-at="2018-12-31T11:00:26Z">
          <reporter-output>
          </reporter-output>
        </test-method> <!-- tearDown -->
        <test-method status="PASS" signature="setup()[pri:0, instance:com.rqanrs.qa.testcases.OpenResumePageTest@5f2108b5]" name="setup" is-config="true" duration-ms="34096" started-at="2018-12-31T11:00:26Z" finished-at="2018-12-31T11:01:00Z">
          <reporter-output>
          </reporter-output>
        </test-method> <!-- setup -->
        <test-method status="PASS" signature="solrRedirectFromTobeAnnotatedTabofResume()[pri:36, instance:com.rqanrs.qa.testcases.OpenResumePageTest@5f2108b5]" name="solrRedirectFromTobeAnnotatedTabofResume" duration-ms="5088" started-at="2018-12-31T11:01:00Z" finished-at="2018-12-31T11:01:05Z">
          <reporter-output>
          </reporter-output>
        </test-method> <!-- solrRedirectFromTobeAnnotatedTabofResume -->
        <test-method status="PASS" signature="tearDown()[pri:0, instance:com.rqanrs.qa.testcases.OpenResumePageTest@5f2108b5]" name="tearDown" is-config="true" duration-ms="74" started-at="2018-12-31T11:01:05Z" finished-at="2018-12-31T11:01:05Z">
          <reporter-output>
          </reporter-output>
        </test-method> <!-- tearDown -->
        <test-method status="PASS" signature="setup()[pri:0, instance:com.rqanrs.qa.testcases.OpenResumePageTest@5f2108b5]" name="setup" is-config="true" duration-ms="33092" started-at="2018-12-31T11:01:05Z" finished-at="2018-12-31T11:01:38Z">
          <reporter-output>
          </reporter-output>
        </test-method> <!-- setup -->
        <test-method status="PASS" signature="goldButtonClickFromToBeAnnotatedTabResume()[pri:37, instance:com.rqanrs.qa.testcases.OpenResumePageTest@5f2108b5]" name="goldButtonClickFromToBeAnnotatedTabResume" duration-ms="5082" started-at="2018-12-31T11:01:38Z" finished-at="2018-12-31T11:01:44Z">
          <reporter-output>
          </reporter-output>
        </test-method> <!-- goldButtonClickFromToBeAnnotatedTabResume -->
        <test-method status="PASS" signature="tearDown()[pri:0, instance:com.rqanrs.qa.testcases.OpenResumePageTest@5f2108b5]" name="tearDown" is-config="true" duration-ms="70" started-at="2018-12-31T11:01:44Z" finished-at="2018-12-31T11:01:44Z">
          <reporter-output>
          </reporter-output>
        </test-method> <!-- tearDown -->
        <test-method status="PASS" signature="setup()[pri:0, instance:com.rqanrs.qa.testcases.OpenResumePageTest@5f2108b5]" name="setup" is-config="true" duration-ms="33319" started-at="2018-12-31T11:01:44Z" finished-at="2018-12-31T11:02:17Z">
          <reporter-output>
          </reporter-output>
        </test-method> <!-- setup -->
        <test-method status="PASS" signature="logoutFromToBeAnnotatedTabResume()[pri:38, instance:com.rqanrs.qa.testcases.OpenResumePageTest@5f2108b5]" name="logoutFromToBeAnnotatedTabResume" duration-ms="5090" started-at="2018-12-31T11:02:17Z" finished-at="2018-12-31T11:02:22Z">
          <reporter-output>
          </reporter-output>
        </test-method> <!-- logoutFromToBeAnnotatedTabResume -->
        <test-method status="PASS" signature="tearDown()[pri:0, instance:com.rqanrs.qa.testcases.OpenResumePageTest@5f2108b5]" name="tearDown" is-config="true" duration-ms="76" started-at="2018-12-31T11:02:22Z" finished-at="2018-12-31T11:02:22Z">
          <reporter-output>
          </reporter-output>
        </test-method> <!-- tearDown -->
      </class> <!-- com.rqanrs.qa.testcases.OpenResumePageTest -->
    </test> <!-- TestSuite -->
  </suite> <!-- Rezoomex Quick Assessment and Ranking System Automation -->
</testng-results>
